<?xml version="1.0" encoding="UTF-8"?>
<testsuite name="MultipleSourcesTask5Tests" tests="1" skipped="0" failures="0" errors="0" timestamp="2022-11-09T12:06:24" hostname="DESKTOP-0EC54BR" time="0.167">
  <properties/>
  <testcase name="testSolution()" classname="MultipleSourcesTask5Tests" time="0.167"/>
  <system-out><![CDATA[15:06:24.408 [Test worker] DEBUG reactor.util.Loggers - Using Slf4j logging framework
]]></system-out>
  <system-err><![CDATA[]]></system-err>
</testsuite>
